<?xml version="1.0" encoding="UTF-8"?>
<!-- Generated by org.testng.reporters.JUnitXMLReporter -->
<testsuite hostname="Dev-5-PC" name="Functional Automation Tests" tests="4" failures="2" timestamp="7 May 2019 20:01:32 GMT" time="69.308" errors="0">
  <testcase name="verifyContactPageHeadingTest" time="0.093" classname="com.qa.testcases.ContactPageTest"/>
  <testcase name="verifyNewContactPageTest" time="0.139" classname="com.qa.testcases.ContactPageTest"/>
  <testcase name="createNewContactTest" time="7.86" classname="com.qa.testcases.ContactPageTest">
    <failure type="java.lang.AssertionError" message="expected [true] but found [false]">
      <![CDATA[java.lang.AssertionError: expected [true] but found [false]
	at com.qa.testcases.ContactPageTest.createNewContactTest(ContactPageTest.java:64)
... Removed 28 stack frames]]>
    </failure>
  </testcase> <!-- createNewContactTest -->
  <testcase name="createNewContactTest" time="8.112" classname="com.qa.testcases.ContactPageTest">
    <failure type="java.lang.AssertionError" message="expected [true] but found [false]">
      <![CDATA[java.lang.AssertionError: expected [true] but found [false]
	at com.qa.testcases.ContactPageTest.createNewContactTest(ContactPageTest.java:64)
... Removed 28 stack frames]]>
    </failure>
  </testcase> <!-- createNewContactTest -->
</testsuite> <!-- Functional Automation Tests -->
