<!DOCTYPE html PUBLIC "-//W3C//DTD XHTML 1.1//EN" "http://www.w3.org/TR/xhtml11/DTD/xhtml11.dtd">
<html xmlns="http://www.w3.org/1999/xhtml"><head><title>TestNG Report</title><style type="text/css">table {margin-bottom:10px;border-collapse:collapse;empty-cells:show}th,td {border:1px solid #009;padding:.25em .5em}th {vertical-align:bottom}td {vertical-align:top}table a {font-weight:bold}.stripe td {background-color: #E6EBF9}.num {text-align:right}.passedodd td {background-color: #3F3}.passedeven td {background-color: #0A0}.skippedodd td {background-color: #DDD}.skippedeven td {background-color: #CCC}.failedodd td,.attn {background-color: #F33}.failedeven td,.stripe .attn {background-color: #D00}.stacktrace {white-space:pre;font-family:monospace}.totop {font-size:85%;text-align:center;border-bottom:2px solid #000}</style></head><body><table><tr><th>Test</th><th># Passed</th><th># Skipped</th><th># Failed</th><th>Time (ms)</th><th>Included Groups</th><th>Excluded Groups</th></tr><tr><th colspan="7">Test Project Automation Suite</th></tr><tr><td><a href="#t0">Functional Automation Tests</a></td><td class="num">2</td><td class="num">0</td><td class="num attn">2</td><td class="num">69,308</td><td></td><td></td></tr></table><table><thead><tr><th>Class</th><th>Method</th><th>Start</th><th>Time (ms)</th></tr></thead><tbody><tr><th colspan="4">Test Project Automation Suite</th></tr></tbody><tbody id="t0"><tr><th colspan="4">Functional Automation Tests &#8212; failed</th></tr><tr class="failedeven"><td rowspan="2">com.qa.testcases.ContactPageTest</td><td><a href="#m0">createNewContactTest</a></td><td rowspan="2">1557259262175</td><td rowspan="2">7860</td></tr><tr class="failedeven"><td><a href="#m1">createNewContactTest</a></td></tr><tr><th colspan="4">Functional Automation Tests &#8212; passed</th></tr><tr class="passedeven"><td rowspan="2">com.qa.testcases.ContactPageTest</td><td><a href="#m2">verifyContactPageHeadingTest</a></td><td rowspan="1">1557259236219</td><td rowspan="1">93</td></tr><tr class="passedeven"><td><a href="#m3">verifyNewContactPageTest</a></td><td rowspan="1">1557259249207</td><td rowspan="1">139</td></tr></tbody></table><h2>Functional Automation Tests</h2><h3 id="m0">com.qa.testcases.ContactPageTest#createNewContactTest</h3><table class="result"><tr class="param"><th>Parameter #1</th><th>Parameter #2</th><th>Parameter #3</th><th>Parameter #4</th><th>Parameter #5</th></tr><tr class="param stripe"><td>Rehan</td><td>Sharaf</td><td>11</td><td>November</td><td>1988</td></tr><tr><th colspan="5">Exception</th></tr><tr><td colspan="5"><div class="stacktrace">java.lang.AssertionError: expected [true] but found [false]
	at com.qa.testcases.ContactPageTest.createNewContactTest(ContactPageTest.java:64)
... Removed 28 stack frames</div></td></tr></table><p class="totop"><a href="#summary">back to summary</a></p><h3 id="m1">com.qa.testcases.ContactPageTest#createNewContactTest</h3><table class="result"><tr class="param"><th>Parameter #1</th><th>Parameter #2</th><th>Parameter #3</th><th>Parameter #4</th><th>Parameter #5</th></tr><tr class="param stripe"><td>Adnan</td><td>Sharaf</td><td>5</td><td>December</td><td>1974</td></tr><tr><th colspan="5">Exception</th></tr><tr><td colspan="5"><div class="stacktrace">java.lang.AssertionError: expected [true] but found [false]
	at com.qa.testcases.ContactPageTest.createNewContactTest(ContactPageTest.java:64)
... Removed 28 stack frames</div></td></tr></table><p class="totop"><a href="#summary">back to summary</a></p><h3 id="m2">com.qa.testcases.ContactPageTest#verifyContactPageHeadingTest</h3><table class="result"></table><p class="totop"><a href="#summary">back to summary</a></p><h3 id="m3">com.qa.testcases.ContactPageTest#verifyNewContactPageTest</h3><table class="result"></table><p class="totop"><a href="#summary">back to summary</a></p></body></html>